2025-05-20 08:04:27,905 INFO: Registered vehicles_bp blueprint [in /mnt/f/Journey Risk Management (JRM) System/backend/app.py:107]
2025-05-20 08:04:27,920 INFO: Registered dashboard_bp blueprint [in /mnt/f/Journey Risk Management (JRM) System/backend/app.py:114]
2025-05-20 08:04:27,927 INFO: Background scheduler started successfully [in /mnt/f/Journey Risk Management (JRM) System/backend/app.py:144]
2025-05-20 08:04:30,971 INFO: JRM System startup [in /mnt/f/Journey Risk Management (JRM) System/backend/app.py:68]
2025-05-20 08:04:35,381 INFO: Registered routes_bp blueprint [in /mnt/f/Journey Risk Management (JRM) System/backend/app.py:86]
2025-05-20 08:04:35,387 INFO: Registered risk_bp blueprint [in /mnt/f/Journey Risk Management (JRM) System/backend/app.py:93]
2025-05-20 08:04:35,393 INFO: Registered weather_bp blueprint [in /mnt/f/Journey Risk Management (JRM) System/backend/app.py:100]
2025-05-20 08:04:35,409 INFO: Registered vehicles_bp blueprint [in /mnt/f/Journey Risk Management (JRM) System/backend/app.py:107]
2025-05-20 08:04:35,415 INFO: Registered dashboard_bp blueprint [in /mnt/f/Journey Risk Management (JRM) System/backend/app.py:114]
2025-05-20 08:04:35,421 INFO: Background scheduler started successfully [in /mnt/f/Journey Risk Management (JRM) System/backend/app.py:144]
2025-05-20 08:07:22,922 INFO: JRM System startup [in /mnt/f/Journey Risk Management (JRM) System/backend/app.py:68]
2025-05-20 08:07:30,250 INFO: Registered routes_bp blueprint [in /mnt/f/Journey Risk Management (JRM) System/backend/app.py:86]
2025-05-20 08:07:30,256 INFO: Registered risk_bp blueprint [in /mnt/f/Journey Risk Management (JRM) System/backend/app.py:93]
2025-05-20 08:07:30,261 INFO: Registered weather_bp blueprint [in /mnt/f/Journey Risk Management (JRM) System/backend/app.py:100]
2025-05-20 08:07:30,277 INFO: Registered vehicles_bp blueprint [in /mnt/f/Journey Risk Management (JRM) System/backend/app.py:107]
2025-05-20 08:07:30,283 INFO: Registered dashboard_bp blueprint [in /mnt/f/Journey Risk Management (JRM) System/backend/app.py:114]
2025-05-20 08:07:30,290 INFO: Background scheduler started successfully [in /mnt/f/Journey Risk Management (JRM) System/backend/app.py:144]
2025-05-20 08:07:32,912 INFO: JRM System startup [in /mnt/f/Journey Risk Management (JRM) System/backend/app.py:68]
2025-05-20 08:07:36,915 INFO: Registered routes_bp blueprint [in /mnt/f/Journey Risk Management (JRM) System/backend/app.py:86]
2025-05-20 08:07:36,921 INFO: Registered risk_bp blueprint [in /mnt/f/Journey Risk Management (JRM) System/backend/app.py:93]
2025-05-20 08:07:36,927 INFO: Registered weather_bp blueprint [in /mnt/f/Journey Risk Management (JRM) System/backend/app.py:100]
2025-05-20 08:07:36,942 INFO: Registered vehicles_bp blueprint [in /mnt/f/Journey Risk Management (JRM) System/backend/app.py:107]
2025-05-20 08:07:36,949 INFO: Registered dashboard_bp blueprint [in /mnt/f/Journey Risk Management (JRM) System/backend/app.py:114]
2025-05-20 08:07:36,956 INFO: Background scheduler started successfully [in /mnt/f/Journey Risk Management (JRM) System/backend/app.py:144]
2025-05-20 09:01:55,756 INFO: JRM System startup [in /mnt/f/Journey Risk Management (JRM) System/backend/app.py:68]
2025-05-20 09:02:19,183 INFO: Registered routes_bp blueprint [in /mnt/f/Journey Risk Management (JRM) System/backend/app.py:86]
2025-05-20 09:02:19,201 INFO: Registered risk_bp blueprint [in /mnt/f/Journey Risk Management (JRM) System/backend/app.py:93]
2025-05-20 09:02:19,220 INFO: Registered weather_bp blueprint [in /mnt/f/Journey Risk Management (JRM) System/backend/app.py:100]
2025-05-20 09:02:19,284 INFO: Registered vehicles_bp blueprint [in /mnt/f/Journey Risk Management (JRM) System/backend/app.py:107]
2025-05-20 09:02:19,300 INFO: Registered dashboard_bp blueprint [in /mnt/f/Journey Risk Management (JRM) System/backend/app.py:114]
2025-05-20 09:02:19,322 INFO: Background scheduler started successfully [in /mnt/f/Journey Risk Management (JRM) System/backend/app.py:144]
2025-05-20 09:02:22,396 INFO: JRM System startup [in /mnt/f/Journey Risk Management (JRM) System/backend/app.py:68]
2025-05-20 09:02:27,028 INFO: Registered routes_bp blueprint [in /mnt/f/Journey Risk Management (JRM) System/backend/app.py:86]
2025-05-20 09:02:27,033 INFO: Registered risk_bp blueprint [in /mnt/f/Journey Risk Management (JRM) System/backend/app.py:93]
2025-05-20 09:02:27,039 INFO: Registered weather_bp blueprint [in /mnt/f/Journey Risk Management (JRM) System/backend/app.py:100]
2025-05-20 09:02:27,054 INFO: Registered vehicles_bp blueprint [in /mnt/f/Journey Risk Management (JRM) System/backend/app.py:107]
2025-05-20 09:02:27,060 INFO: Registered dashboard_bp blueprint [in /mnt/f/Journey Risk Management (JRM) System/backend/app.py:114]
2025-05-20 09:02:27,067 INFO: Background scheduler started successfully [in /mnt/f/Journey Risk Management (JRM) System/backend/app.py:144]
2025-05-20 09:39:35,170 INFO: JRM System startup [in /mnt/f/Journey Risk Management (JRM) System/backend/app.py:68]
2025-05-20 09:39:43,526 INFO: Registered routes_bp blueprint [in /mnt/f/Journey Risk Management (JRM) System/backend/app.py:86]
2025-05-20 09:39:43,532 INFO: Registered risk_bp blueprint [in /mnt/f/Journey Risk Management (JRM) System/backend/app.py:93]
2025-05-20 09:39:43,538 INFO: Registered weather_bp blueprint [in /mnt/f/Journey Risk Management (JRM) System/backend/app.py:100]
2025-05-20 09:39:43,553 INFO: Registered vehicles_bp blueprint [in /mnt/f/Journey Risk Management (JRM) System/backend/app.py:107]
2025-05-20 09:39:43,559 INFO: Registered dashboard_bp blueprint [in /mnt/f/Journey Risk Management (JRM) System/backend/app.py:114]
2025-05-20 09:39:43,877 INFO: Users already exist, skipping default admin creation [in /mnt/f/Journey Risk Management (JRM) System/backend/app.py:204]
2025-05-20 09:39:43,901 INFO: Background scheduler started successfully [in /mnt/f/Journey Risk Management (JRM) System/backend/app.py:144]
2025-05-20 09:39:47,174 INFO: JRM System startup [in /mnt/f/Journey Risk Management (JRM) System/backend/app.py:68]
2025-05-20 09:39:51,962 INFO: Registered routes_bp blueprint [in /mnt/f/Journey Risk Management (JRM) System/backend/app.py:86]
2025-05-20 09:39:51,968 INFO: Registered risk_bp blueprint [in /mnt/f/Journey Risk Management (JRM) System/backend/app.py:93]
2025-05-20 09:39:51,974 INFO: Registered weather_bp blueprint [in /mnt/f/Journey Risk Management (JRM) System/backend/app.py:100]
2025-05-20 09:39:51,989 INFO: Registered vehicles_bp blueprint [in /mnt/f/Journey Risk Management (JRM) System/backend/app.py:107]
2025-05-20 09:39:51,995 INFO: Registered dashboard_bp blueprint [in /mnt/f/Journey Risk Management (JRM) System/backend/app.py:114]
2025-05-20 09:39:52,002 INFO: Users already exist, skipping default admin creation [in /mnt/f/Journey Risk Management (JRM) System/backend/app.py:204]
2025-05-20 09:39:52,009 INFO: Background scheduler started successfully [in /mnt/f/Journey Risk Management (JRM) System/backend/app.py:144]
2025-05-20 09:40:09,332 INFO: JRM System startup [in /mnt/f/Journey Risk Management (JRM) System/backend/app.py:68]
2025-05-20 09:40:14,193 INFO: Registered routes_bp blueprint [in /mnt/f/Journey Risk Management (JRM) System/backend/app.py:86]
2025-05-20 09:40:14,200 INFO: Registered risk_bp blueprint [in /mnt/f/Journey Risk Management (JRM) System/backend/app.py:93]
2025-05-20 09:40:14,206 INFO: Registered weather_bp blueprint [in /mnt/f/Journey Risk Management (JRM) System/backend/app.py:100]
2025-05-20 09:40:14,224 INFO: Registered vehicles_bp blueprint [in /mnt/f/Journey Risk Management (JRM) System/backend/app.py:107]
2025-05-20 09:40:14,231 INFO: Registered dashboard_bp blueprint [in /mnt/f/Journey Risk Management (JRM) System/backend/app.py:114]
2025-05-20 09:40:14,236 INFO: Users already exist, skipping default admin creation [in /mnt/f/Journey Risk Management (JRM) System/backend/app.py:204]
2025-05-20 09:40:14,244 INFO: Background scheduler started successfully [in /mnt/f/Journey Risk Management (JRM) System/backend/app.py:144]
